[INFO ] 2023-07-22 16:25:29.875 [main] ShopApplication - Starting ShopApplication using Java 17.0.3.1 with PID 9472 (D:\program\Java\Shop\shop\target\classes started by Andri in D:\program\Java\Shop\shop)
[DEBUG] 2023-07-22 16:25:29.884 [main] ShopApplication - Running with Spring Boot v3.1.2, Spring v6.0.11
[INFO ] 2023-07-22 16:25:29.885 [main] ShopApplication - No active profile set, falling back to 1 default profile: "default"
[INFO ] 2023-07-22 16:30:00.253 [main] ShopApplication - Starting ShopApplication using Java 17.0.3.1 with PID 9468 (D:\program\Java\Shop\shop\target\classes started by Andri in D:\program\Java\Shop\shop)
[DEBUG] 2023-07-22 16:30:00.261 [main] ShopApplication - Running with Spring Boot v3.1.2, Spring v6.0.11
[INFO ] 2023-07-22 16:30:00.274 [main] ShopApplication - No active profile set, falling back to 1 default profile: "default"
[INFO ] 2023-07-22 16:36:04.593 [main] ShopApplication - Starting ShopApplication using Java 17.0.3.1 with PID 2160 (D:\program\Java\Shop\shop\target\classes started by Andri in D:\program\Java\Shop\shop)
[DEBUG] 2023-07-22 16:36:04.600 [main] ShopApplication - Running with Spring Boot v3.1.2, Spring v6.0.11
[INFO ] 2023-07-22 16:36:04.601 [main] ShopApplication - No active profile set, falling back to 1 default profile: "default"
[INFO ] 2023-07-22 16:38:46.171 [main] ShopApplication - Starting ShopApplication using Java 17.0.3.1 with PID 20696 (D:\program\Java\Shop\shop\target\classes started by Andri in D:\program\Java\Shop\shop)
[DEBUG] 2023-07-22 16:38:46.180 [main] ShopApplication - Running with Spring Boot v3.1.2, Spring v6.0.11
[INFO ] 2023-07-22 16:38:46.181 [main] ShopApplication - No active profile set, falling back to 1 default profile: "default"
[INFO ] 2023-07-25 10:16:18.605 [main] ShopApplication - Starting ShopApplication using Java 17.0.3.1 with PID 12936 (D:\program\Java\Shop\shop\target\classes started by Andri in D:\program\Java\Shop\shop)
[DEBUG] 2023-07-25 10:16:18.773 [main] ShopApplication - Running with Spring Boot v3.1.2, Spring v6.0.11
[INFO ] 2023-07-25 10:16:18.774 [main] ShopApplication - No active profile set, falling back to 1 default profile: "default"
[INFO ] 2023-07-25 10:17:19.913 [main] ShopApplication - Starting ShopApplication using Java 17.0.3.1 with PID 6208 (D:\program\Java\Shop\shop\target\classes started by Andri in D:\program\Java\Shop\shop)
[DEBUG] 2023-07-25 10:17:19.921 [main] ShopApplication - Running with Spring Boot v3.1.2, Spring v6.0.11
[INFO ] 2023-07-25 10:17:19.922 [main] ShopApplication - No active profile set, falling back to 1 default profile: "default"
[INFO ] 2023-07-25 10:21:33.544 [main] ShopApplication - Starting ShopApplication using Java 17.0.3.1 with PID 13732 (D:\program\Java\Shop\shop\target\classes started by Andri in D:\program\Java\Shop\shop)
[DEBUG] 2023-07-25 10:21:33.563 [main] ShopApplication - Running with Spring Boot v3.1.2, Spring v6.0.11
[INFO ] 2023-07-25 10:21:33.565 [main] ShopApplication - No active profile set, falling back to 1 default profile: "default"
[INFO ] 2023-07-25 10:21:37.015 [main] ShopApplication - Started ShopApplication in 3.784 seconds (process running for 4.695)
[INFO ] 2023-07-25 10:43:03.161 [main] ShopApplication - Starting ShopApplication using Java 17.0.3.1 with PID 20600 (D:\program\Java\Shop\shop\target\classes started by Andri in D:\program\Java\Shop\shop)
[DEBUG] 2023-07-25 10:43:03.168 [main] ShopApplication - Running with Spring Boot v3.1.2, Spring v6.0.11
[INFO ] 2023-07-25 10:43:03.169 [main] ShopApplication - No active profile set, falling back to 1 default profile: "default"
[INFO ] 2023-07-25 10:43:10.450 [main] ShopApplication - Started ShopApplication in 7.585 seconds (process running for 8.35)
[INFO ] 2023-07-25 10:45:40.380 [main] ShopApplication - Starting ShopApplication using Java 17.0.3.1 with PID 7804 (D:\program\Java\Shop\shop\target\classes started by Andri in D:\program\Java\Shop\shop)
[DEBUG] 2023-07-25 10:45:40.386 [main] ShopApplication - Running with Spring Boot v3.1.2, Spring v6.0.11
[INFO ] 2023-07-25 10:45:40.387 [main] ShopApplication - No active profile set, falling back to 1 default profile: "default"
[INFO ] 2023-07-25 10:45:43.894 [main] ShopApplication - Started ShopApplication in 3.827 seconds (process running for 4.481)
[INFO ] 2023-07-25 10:48:39.122 [main] ShopApplication - Starting ShopApplication using Java 17.0.3.1 with PID 16316 (D:\program\Java\Shop\shop\target\classes started by Andri in D:\program\Java\Shop\shop)
[DEBUG] 2023-07-25 10:48:39.128 [main] ShopApplication - Running with Spring Boot v3.1.2, Spring v6.0.11
[INFO ] 2023-07-25 10:48:39.129 [main] ShopApplication - No active profile set, falling back to 1 default profile: "default"
[INFO ] 2023-07-25 10:48:42.624 [main] ShopApplication - Started ShopApplication in 3.816 seconds (process running for 4.484)
[INFO ] 2023-07-25 10:48:47.814 [http-nio-8081-exec-3] LoggerImpl - Вызван метод :findAllProductInCart
[INFO ] 2023-07-25 10:48:47.815 [http-nio-8081-exec-3] LoggerImpl - Метод завершен
[INFO ] 2023-07-25 10:49:57.161 [main] ShopApplication - Starting ShopApplication using Java 17.0.3.1 with PID 11140 (D:\program\Java\Shop\shop\target\classes started by Andri in D:\program\Java\Shop\shop)
[DEBUG] 2023-07-25 10:49:57.168 [main] ShopApplication - Running with Spring Boot v3.1.2, Spring v6.0.11
[INFO ] 2023-07-25 10:49:57.169 [main] ShopApplication - No active profile set, falling back to 1 default profile: "default"
[INFO ] 2023-07-25 10:50:00.659 [main] ShopApplication - Started ShopApplication in 3.803 seconds (process running for 4.457)
[INFO ] 2023-07-25 10:50:06.221 [http-nio-8081-exec-5] LoggerImpl - Вызван метод :addProductToCart
[INFO ] 2023-07-25 10:50:06.221 [http-nio-8081-exec-5] LoggerImpl - Вызван метод :findById
[INFO ] 2023-07-25 10:50:06.269 [http-nio-8081-exec-5] LoggerImpl - Метод завершен
[INFO ] 2023-07-25 10:50:06.269 [http-nio-8081-exec-5] LoggerImpl - Метод завершен
[INFO ] 2023-07-25 10:50:27.330 [http-nio-8081-exec-8] LoggerImpl - Вызван метод :addProductToCart
[INFO ] 2023-07-25 10:50:27.330 [http-nio-8081-exec-8] LoggerImpl - Вызван метод :findById
[INFO ] 2023-07-25 10:50:27.332 [http-nio-8081-exec-8] LoggerImpl - Метод завершен
[INFO ] 2023-07-25 10:50:27.332 [http-nio-8081-exec-8] LoggerImpl - Метод завершен
[INFO ] 2023-07-25 10:50:33.314 [http-nio-8081-exec-9] LoggerImpl - Вызван метод :addProductToCart
[INFO ] 2023-07-25 10:50:33.314 [http-nio-8081-exec-9] LoggerImpl - Вызван метод :findById
[INFO ] 2023-07-25 10:50:33.316 [http-nio-8081-exec-9] LoggerImpl - Метод завершен
[INFO ] 2023-07-25 10:50:33.317 [http-nio-8081-exec-9] LoggerImpl - Метод завершен
[INFO ] 2023-07-25 10:50:40.923 [http-nio-8081-exec-2] LoggerImpl - Вызван метод :findAllProductInCart
[INFO ] 2023-07-25 10:50:40.923 [http-nio-8081-exec-2] LoggerImpl - Метод завершен
[INFO ] 2023-07-25 10:54:04.809 [main] ShopApplication - Starting ShopApplication using Java 17.0.3.1 with PID 11064 (D:\program\Java\Shop\shop\target\classes started by Andri in D:\program\Java\Shop\shop)
[DEBUG] 2023-07-25 10:54:04.816 [main] ShopApplication - Running with Spring Boot v3.1.2, Spring v6.0.11
[INFO ] 2023-07-25 10:54:04.817 [main] ShopApplication - No active profile set, falling back to 1 default profile: "default"
[INFO ] 2023-07-25 10:54:10.099 [main] ShopApplication - Started ShopApplication in 5.595 seconds (process running for 6.309)
[INFO ] 2023-07-25 10:54:11.337 [http-nio-8081-exec-2] LoggerImpl - Вызван метод :findAllProductInCart
[INFO ] 2023-07-25 10:54:11.337 [http-nio-8081-exec-2] LoggerImpl - Метод завершен
[INFO ] 2023-07-25 10:55:27.820 [main] ShopApplication - Starting ShopApplication using Java 17.0.3.1 with PID 20816 (D:\program\Java\Shop\shop\target\classes started by Andri in D:\program\Java\Shop\shop)
[DEBUG] 2023-07-25 10:55:27.827 [main] ShopApplication - Running with Spring Boot v3.1.2, Spring v6.0.11
[INFO ] 2023-07-25 10:55:27.829 [main] ShopApplication - No active profile set, falling back to 1 default profile: "default"
[INFO ] 2023-07-25 10:55:31.391 [main] ShopApplication - Started ShopApplication in 3.883 seconds (process running for 4.548)
[INFO ] 2023-07-25 10:56:10.564 [http-nio-8081-exec-2] LoggerImpl - Вызван метод :addProductToCart
[INFO ] 2023-07-25 10:56:10.565 [http-nio-8081-exec-2] LoggerImpl - Вызван метод :findById
[INFO ] 2023-07-25 10:56:10.617 [http-nio-8081-exec-2] LoggerImpl - Метод завершен
[INFO ] 2023-07-25 10:56:10.617 [http-nio-8081-exec-2] LoggerImpl - Метод завершен
[INFO ] 2023-07-25 10:56:16.290 [http-nio-8081-exec-4] LoggerImpl - Вызван метод :addProductToCart
[INFO ] 2023-07-25 10:56:16.290 [http-nio-8081-exec-4] LoggerImpl - Вызван метод :findById
[INFO ] 2023-07-25 10:56:16.292 [http-nio-8081-exec-4] LoggerImpl - Метод завершен
[INFO ] 2023-07-25 10:56:16.292 [http-nio-8081-exec-4] LoggerImpl - Метод завершен
[INFO ] 2023-07-25 10:56:20.515 [http-nio-8081-exec-7] LoggerImpl - Вызван метод :addProductToCart
[INFO ] 2023-07-25 10:56:20.515 [http-nio-8081-exec-7] LoggerImpl - Вызван метод :findById
[INFO ] 2023-07-25 10:56:20.516 [http-nio-8081-exec-7] LoggerImpl - Метод завершен
[INFO ] 2023-07-25 10:56:20.516 [http-nio-8081-exec-7] LoggerImpl - Метод завершен
[INFO ] 2023-07-25 10:56:27.650 [http-nio-8081-exec-8] LoggerImpl - Вызван метод :findAllProductInCart
[INFO ] 2023-07-25 10:56:27.651 [http-nio-8081-exec-8] LoggerImpl - Метод завершен
[INFO ] 2023-07-25 10:57:04.939 [http-nio-8081-exec-9] LoggerImpl - Вызван метод :removeProductToCart
[INFO ] 2023-07-25 10:57:04.939 [http-nio-8081-exec-9] LoggerImpl - Метод завершен
[INFO ] 2023-07-25 10:57:11.054 [http-nio-8081-exec-5] LoggerImpl - Вызван метод :findAllProductInCart
[INFO ] 2023-07-25 10:57:11.054 [http-nio-8081-exec-5] LoggerImpl - Метод завершен
[INFO ] 2023-07-25 10:57:32.419 [http-nio-8081-exec-6] LoggerImpl - Вызван метод :removeProductToCart
[INFO ] 2023-07-25 10:57:32.419 [http-nio-8081-exec-6] LoggerImpl - Метод завершен
[INFO ] 2023-07-25 10:58:36.362 [http-nio-8081-exec-9] LoggerImpl - Вызван метод :findAllProductInCart
[INFO ] 2023-07-25 10:58:36.362 [http-nio-8081-exec-9] LoggerImpl - Метод завершен
[INFO ] 2023-07-25 11:00:09.098 [http-nio-8081-exec-2] LoggerImpl - Вызван метод :removeProductToCart
[INFO ] 2023-07-25 11:00:09.098 [http-nio-8081-exec-2] LoggerImpl - Метод завершен
[INFO ] 2023-07-25 11:00:18.561 [http-nio-8081-exec-10] LoggerImpl - Вызван метод :findAllProductInCart
[INFO ] 2023-07-25 11:00:18.561 [http-nio-8081-exec-10] LoggerImpl - Метод завершен
[INFO ] 2023-07-25 11:13:09.362 [main] ShopApplication - Starting ShopApplication using Java 17.0.3.1 with PID 20616 (D:\program\Java\Shop\shop\target\classes started by Andri in D:\program\Java\Shop\shop)
[DEBUG] 2023-07-25 11:13:09.371 [main] ShopApplication - Running with Spring Boot v3.1.2, Spring v6.0.11
[INFO ] 2023-07-25 11:13:09.372 [main] ShopApplication - No active profile set, falling back to 1 default profile: "default"
[INFO ] 2023-07-25 11:13:13.257 [main] ShopApplication - Started ShopApplication in 4.212 seconds (process running for 4.967)
[INFO ] 2023-07-25 11:13:18.790 [http-nio-8081-exec-2] LoggerImpl - Вызван метод :findAllProductInCart
[INFO ] 2023-07-25 11:13:18.790 [http-nio-8081-exec-2] LoggerImpl - Метод завершен
[INFO ] 2023-07-25 11:13:23.610 [http-nio-8081-exec-5] LoggerImpl - Вызван метод :addProductToCart
[INFO ] 2023-07-25 11:13:23.610 [http-nio-8081-exec-5] LoggerImpl - Вызван метод :findById
[INFO ] 2023-07-25 11:13:23.663 [http-nio-8081-exec-5] LoggerImpl - Метод завершен
[INFO ] 2023-07-25 11:13:23.663 [http-nio-8081-exec-5] LoggerImpl - Метод завершен
[INFO ] 2023-07-25 11:13:29.978 [http-nio-8081-exec-6] LoggerImpl - Вызван метод :findAllProductInCart
[INFO ] 2023-07-25 11:13:29.978 [http-nio-8081-exec-6] LoggerImpl - Метод завершен
[INFO ] 2023-07-25 11:13:35.411 [http-nio-8081-exec-9] LoggerImpl - Вызван метод :removeProductToCart
[INFO ] 2023-07-25 11:13:35.412 [http-nio-8081-exec-9] LoggerImpl - Метод завершен
[INFO ] 2023-07-25 11:13:45.188 [http-nio-8081-exec-2] LoggerImpl - Вызван метод :findAllProductInCart
[INFO ] 2023-07-25 11:13:45.188 [http-nio-8081-exec-2] LoggerImpl - Метод завершен
[INFO ] 2023-07-25 11:13:54.500 [http-nio-8081-exec-5] LoggerImpl - Вызван метод :addProductToCart
[INFO ] 2023-07-25 11:13:54.500 [http-nio-8081-exec-5] LoggerImpl - Вызван метод :findById
[INFO ] 2023-07-25 11:13:54.502 [http-nio-8081-exec-5] LoggerImpl - Метод завершен
[INFO ] 2023-07-25 11:13:54.502 [http-nio-8081-exec-5] LoggerImpl - Метод завершен
[INFO ] 2023-07-25 11:13:58.252 [http-nio-8081-exec-6] LoggerImpl - Вызван метод :addProductToCart
[INFO ] 2023-07-25 11:13:58.252 [http-nio-8081-exec-6] LoggerImpl - Вызван метод :findById
[INFO ] 2023-07-25 11:13:58.254 [http-nio-8081-exec-6] LoggerImpl - Метод завершен
[INFO ] 2023-07-25 11:13:58.254 [http-nio-8081-exec-6] LoggerImpl - Метод завершен
[INFO ] 2023-07-25 11:14:00.972 [http-nio-8081-exec-8] LoggerImpl - Вызван метод :addProductToCart
[INFO ] 2023-07-25 11:14:00.972 [http-nio-8081-exec-8] LoggerImpl - Вызван метод :findById
[INFO ] 2023-07-25 11:14:00.974 [http-nio-8081-exec-8] LoggerImpl - Метод завершен
[INFO ] 2023-07-25 11:14:00.974 [http-nio-8081-exec-8] LoggerImpl - Метод завершен
[INFO ] 2023-07-25 11:15:19.538 [main] ShopApplication - Starting ShopApplication using Java 17.0.3.1 with PID 14620 (D:\program\Java\Shop\shop\target\classes started by Andri in D:\program\Java\Shop\shop)
[DEBUG] 2023-07-25 11:15:19.546 [main] ShopApplication - Running with Spring Boot v3.1.2, Spring v6.0.11
[INFO ] 2023-07-25 11:15:19.547 [main] ShopApplication - No active profile set, falling back to 1 default profile: "default"
[INFO ] 2023-07-25 11:15:23.093 [main] ShopApplication - Started ShopApplication in 3.877 seconds (process running for 4.581)
[INFO ] 2023-07-25 11:15:25.344 [http-nio-8081-exec-4] LoggerImpl - Вызван метод :addProductToCart
[INFO ] 2023-07-25 11:15:25.344 [http-nio-8081-exec-4] LoggerImpl - Вызван метод :findById
[INFO ] 2023-07-25 11:15:25.390 [http-nio-8081-exec-4] LoggerImpl - Метод завершен
[INFO ] 2023-07-25 11:15:25.390 [http-nio-8081-exec-4] LoggerImpl - Метод завершен
[INFO ] 2023-07-25 11:15:30.996 [http-nio-8081-exec-5] LoggerImpl - Вызван метод :addProductToCart
[INFO ] 2023-07-25 11:15:30.997 [http-nio-8081-exec-5] LoggerImpl - Вызван метод :findById
[INFO ] 2023-07-25 11:15:30.998 [http-nio-8081-exec-5] LoggerImpl - Метод завершен
[INFO ] 2023-07-25 11:15:30.998 [http-nio-8081-exec-5] LoggerImpl - Метод завершен
[INFO ] 2023-07-25 11:15:36.203 [http-nio-8081-exec-9] LoggerImpl - Вызван метод :addProductToCart
[INFO ] 2023-07-25 11:15:36.203 [http-nio-8081-exec-9] LoggerImpl - Вызван метод :findById
[INFO ] 2023-07-25 11:15:36.204 [http-nio-8081-exec-9] LoggerImpl - Метод завершен
[INFO ] 2023-07-25 11:15:36.204 [http-nio-8081-exec-9] LoggerImpl - Метод завершен
[INFO ] 2023-07-25 11:15:45.980 [http-nio-8081-exec-2] LoggerImpl - Вызван метод :removeProductToCart
[INFO ] 2023-07-25 11:15:45.980 [http-nio-8081-exec-2] LoggerImpl - Метод завершен
[INFO ] 2023-07-25 11:15:50.250 [http-nio-8081-exec-4] LoggerImpl - Вызван метод :removeProductToCart
[INFO ] 2023-07-25 11:15:50.250 [http-nio-8081-exec-4] LoggerImpl - Метод завершен
[INFO ] 2023-07-25 11:52:18.062 [http-nio-8081-exec-7] LoggerImpl - Вызван метод :addProductToCart
[INFO ] 2023-07-25 11:52:18.063 [http-nio-8081-exec-7] LoggerImpl - Вызван метод :findById
[INFO ] 2023-07-25 11:52:18.065 [http-nio-8081-exec-7] LoggerImpl - Метод завершен
[INFO ] 2023-07-25 11:52:18.065 [http-nio-8081-exec-7] LoggerImpl - Метод завершен
[INFO ] 2023-07-25 11:52:27.750 [http-nio-8081-exec-10] LoggerImpl - Вызван метод :removeProductToCart
[INFO ] 2023-07-25 11:52:27.750 [http-nio-8081-exec-10] LoggerImpl - Метод завершен
